0 info it worked if it ends with ok
1 verbose cli [ '/usr/local/bin/node', '/usr/local/bin/npm', 'publish' ]
2 info using npm@3.10.10
3 info using node@v6.10.3
4 verbose publish [ '.' ]
5 silly cache add args [ '.', null ]
6 verbose cache add spec .
7 silly cache add parsed spec Result {
7 silly cache add   raw: '.',
7 silly cache add   scope: null,
7 silly cache add   escapedName: null,
7 silly cache add   name: null,
7 silly cache add   rawSpec: '.',
7 silly cache add   spec: '/Users/zhanghao/Work/vmui',
7 silly cache add   type: 'directory' }
8 verbose addLocalDirectory /Users/zhanghao/.npm/vmui/0.1.20/package.tgz not in flight; packing
9 verbose correctMkdir /Users/zhanghao/.npm correctMkdir not in flight; initializing
10 info lifecycle vmui@0.1.20~prepublish: vmui@0.1.20
11 silly lifecycle vmui@0.1.20~prepublish: no script for prepublish, continuing
12 verbose tar pack [ '/Users/zhanghao/.npm/vmui/0.1.20/package.tgz',
12 verbose tar pack   '/Users/zhanghao/Work/vmui' ]
13 verbose tarball /Users/zhanghao/.npm/vmui/0.1.20/package.tgz
14 verbose folder /Users/zhanghao/Work/vmui
15 verbose addLocalTarball adding from inside cache /Users/zhanghao/.npm/vmui/0.1.20/package.tgz
16 verbose correctMkdir /Users/zhanghao/.npm correctMkdir not in flight; initializing
17 silly cache afterAdd vmui@0.1.20
18 verbose afterAdd /Users/zhanghao/.npm/vmui/0.1.20/package/package.json not in flight; writing
19 verbose correctMkdir /Users/zhanghao/.npm correctMkdir not in flight; initializing
20 verbose afterAdd /Users/zhanghao/.npm/vmui/0.1.20/package/package.json written
21 silly publish { name: 'vmui',
21 silly publish   version: '0.1.20',
21 silly publish   description: 'Vmui ================ 基于vue的组件库',
21 silly publish   main: 'factory.js',
21 silly publish   scripts: { test: 'echo "Error: no test specified" && exit 1' },
21 silly publish   repository:
21 silly publish    { type: 'git',
21 silly publish      url: 'git+https://github.com/feather-components/vmui.git' },
21 silly publish   author: '',
21 silly publish   license: 'ISC',
21 silly publish   bugs: { url: 'https://github.com/feather-components/vmui/issues' },
21 silly publish   homepage: 'https://github.com/feather-components/vmui#readme',
21 silly publish   dependencies:
21 silly publish    { nouislider: 'github:feather-components/nouislider',
21 silly publish      iosselect: 'github:feather-components/iosselect',
21 silly publish      'type-of': 'github:forbeslindesay/type-of',
21 silly publish      ajax: 'github:forbeslindesay/ajax' },
21 silly publish   readme: 'Vmui\n================\n基于vue的组件库\n\n\n## 使用\n\n###  feather2\n\n```sh\nfeather2 install feather-components/vmui\n```\n\n编译vue的单文件组件\n\n```sh\nnpm install feather2-parser-vue fis-parser-es6-babel --save\n```\n\nconf/conf.js\n\n```js\nfeather.config.set(\'project.fileType.js\', \'vue\');\n\nfeather.match(\'components/vmui/**.vue\', {\n    parser: [\'vue\', \'es6-babel\']\n});\n\nfeather.match(\'components/vmui/**.js\', {\n    parser: \'es6-babel\'\n});\n```\n\n```js\nrequire.async(\'vmui/actionsheet\', function(ActionSheet){\n    ActionSheet({\n        \'xxx\': function(){}\n    })\n});\n```\n\n### webpack\n\n## 组件列表\n\n* [actionsheet](./actionsheet)\n* [alert](./alert)\n* [list](./list)\n* [page](./page)\n* [scroll](./scroll)\n* [search](./search)\n    * [bar](./search/bar.md)\n* [toast](./toast)\n* [topbar](./topbar)\n* [slider](./slider)\n* [form](./form)\n    * [text](./form/text.md)\n    * [select](./form/select.md)\n    * [tag](./form/tag.md)\n    * [box](./form/box.md)\n    * [file](./form/file.md)\n* [datepicker](./datepicker)\n* [filter](./filter)\n    * [single](./filter/single.md)\n    * [multiple](./filter/multiple.md)\n    * [link](./filter/link.md)\n    * [link-multiple](./filter/link-multiple.md)\n* [dropdown](./dropdown)\n* [datepicker](./datepicker)\n* [grid](./grid)\n* [uploader](./uploader)\n* [modal](./modal)\n* [shade](./shade)\n* [overlay](./overlay)\n\n\n## 指令\n\n* [actions](./actions)\n* [draggable](./draggable.md)\n* [tabs](./tabs)\n',
21 silly publish   readmeFilename: 'README.md',
21 silly publish   gitHead: 'bc40f18d863d7662e25037d91f98bf174076cbcc',
21 silly publish   _id: 'vmui@0.1.20',
21 silly publish   _shasum: '4ddf5b5c68b871619fae1d1750a5dfb0a5a33fea',
21 silly publish   _from: '.' }
22 verbose getPublishConfig undefined
23 silly mapToRegistry name vmui
24 silly mapToRegistry using default registry
25 silly mapToRegistry registry https://registry.npmjs.org/
26 silly mapToRegistry data Result {
26 silly mapToRegistry   raw: 'vmui',
26 silly mapToRegistry   scope: null,
26 silly mapToRegistry   escapedName: 'vmui',
26 silly mapToRegistry   name: 'vmui',
26 silly mapToRegistry   rawSpec: '',
26 silly mapToRegistry   spec: 'latest',
26 silly mapToRegistry   type: 'tag' }
27 silly mapToRegistry uri https://registry.npmjs.org/vmui
28 verbose publish registryBase https://registry.npmjs.org/
29 silly publish uploading /Users/zhanghao/.npm/vmui/0.1.20/package.tgz
30 verbose request uri https://registry.npmjs.org/vmui
31 verbose request sending authorization for write operation
32 info attempt registry request try #1 at 14:17:47
33 verbose request using bearer token for auth
34 verbose request id f81cec9005414aca
35 http request PUT https://registry.npmjs.org/vmui
36 http 403 https://registry.npmjs.org/vmui
37 verbose headers { 'content-type': 'application/json',
37 verbose headers   'cache-control': 'max-age=300',
37 verbose headers   'content-length': '98',
37 verbose headers   'accept-ranges': 'bytes',
37 verbose headers   date: 'Sat, 27 May 2017 06:17:46 GMT',
37 verbose headers   via: '1.1 varnish',
37 verbose headers   connection: 'keep-alive',
37 verbose headers   'x-served-by': 'cache-nrt6123-NRT',
37 verbose headers   'x-cache': 'MISS',
37 verbose headers   'x-cache-hits': '0',
37 verbose headers   'x-timer': 'S1495865865.409065,VS0,VE675',
37 verbose headers   vary: 'Accept-Encoding' }
38 verbose request invalidating /Users/zhanghao/.npm/registry.npmjs.org/vmui on PUT
39 error publish Failed PUT 403
40 verbose stack Error: you do not have permission to publish "vmui". Are you logged in as the correct user? : vmui
40 verbose stack     at makeError (/usr/local/lib/node_modules/npm/node_modules/npm-registry-client/lib/request.js:302:12)
40 verbose stack     at CachingRegistryClient.<anonymous> (/usr/local/lib/node_modules/npm/node_modules/npm-registry-client/lib/request.js:290:14)
40 verbose stack     at Request._callback (/usr/local/lib/node_modules/npm/node_modules/npm-registry-client/lib/request.js:210:14)
40 verbose stack     at Request.self.callback (/usr/local/lib/node_modules/npm/node_modules/request/request.js:187:22)
40 verbose stack     at emitTwo (events.js:106:13)
40 verbose stack     at Request.emit (events.js:191:7)
40 verbose stack     at Request.<anonymous> (/usr/local/lib/node_modules/npm/node_modules/request/request.js:1048:10)
40 verbose stack     at emitOne (events.js:96:13)
40 verbose stack     at Request.emit (events.js:188:7)
40 verbose stack     at IncomingMessage.<anonymous> (/usr/local/lib/node_modules/npm/node_modules/request/request.js:969:12)
41 verbose statusCode 403
42 verbose pkgid vmui
43 verbose cwd /Users/zhanghao/Work/vmui
44 error Darwin 16.6.0
45 error argv "/usr/local/bin/node" "/usr/local/bin/npm" "publish"
46 error node v6.10.3
47 error npm  v3.10.10
48 error code E403
49 error you do not have permission to publish "vmui". Are you logged in as the correct user? : vmui
50 error If you need help, you may report this error at:
50 error     <https://github.com/npm/npm/issues>
51 verbose exit [ 1, true ]
